2025-09-16 07:39:44,439 [Worker-5: Loading available Gradle versions] INFO  o.e.b.c.i.u.g.PublishedGradleVersions - Gradle version information cache is out-of-date. Trying to update.
2025-09-16 07:40:56,348 [Worker-17: Importing Maven projects] INFO  o.e.m.c.i.l.LifecycleMappingFactory - Using org.maven.ide.eclipse.wtp.WarLifecycleMapping lifecycle mapping for MavenProject: com.klef:HospitalManagement:0.0.1-SNAPSHOT @ C:\2025-2026\JENKINS-PRACTISE\HospitalManagement\pom.xml.
2025-09-16 07:41:12,986 [Worker-17: Importing Maven projects] INFO  o.e.m.j.i.AbstractJavaProjectConfigurator - Adding source folder /HospitalManagement/src/main/java
2025-09-16 07:41:12,991 [Worker-17: Importing Maven projects] INFO  o.e.m.j.i.AbstractJavaProjectConfigurator - Adding resource folder /HospitalManagement/src/main/resources
2025-09-16 07:41:12,993 [Worker-17: Importing Maven projects] INFO  o.e.m.j.i.AbstractJavaProjectConfigurator - Adding resource folder /HospitalManagement/src/main/resources
2025-09-16 07:41:12,995 [Worker-17: Importing Maven projects] INFO  o.e.m.j.i.AbstractJavaProjectConfigurator - Adding source folder /HospitalManagement/src/test/java
2025-09-16 07:41:12,997 [Worker-17: Importing Maven projects] INFO  o.e.m.j.i.AbstractJavaProjectConfigurator - Adding resource folder /HospitalManagement/src/test/resources
2025-09-16 07:41:15,525 [Worker-17: Importing Maven projects] INFO  o.e.m.c.i.p.ProjectConfigurationManager - Imported and configured 1 project(s) in 30 sec
2025-09-16 07:41:16,959 [Worker-38: Updating Maven Project] INFO  o.e.m.c.i.p.ProjectConfigurationManager - Update started
2025-09-16 07:41:17,861 [Worker-38: Updating Maven Project] INFO  o.e.m.c.i.l.LifecycleMappingFactory - Using org.maven.ide.eclipse.wtp.WarLifecycleMapping lifecycle mapping for MavenProject: com.klef:HospitalManagement:0.0.1-SNAPSHOT @ C:\2025-2026\JENKINS-PRACTISE\HospitalManagement\pom.xml.
2025-09-16 07:41:18,902 [Worker-38: Updating Maven Project] INFO  o.e.m.j.i.AbstractJavaProjectConfigurator - Adding source folder /HospitalManagement/src/main/java
2025-09-16 07:41:18,904 [Worker-38: Updating Maven Project] INFO  o.e.m.j.i.AbstractJavaProjectConfigurator - Adding resource folder /HospitalManagement/src/main/resources
2025-09-16 07:41:18,905 [Worker-38: Updating Maven Project] INFO  o.e.m.j.i.AbstractJavaProjectConfigurator - Adding resource folder /HospitalManagement/src/main/resources
2025-09-16 07:41:18,906 [Worker-38: Updating Maven Project] INFO  o.e.m.j.i.AbstractJavaProjectConfigurator - Adding source folder /HospitalManagement/src/test/java
2025-09-16 07:41:18,908 [Worker-38: Updating Maven Project] INFO  o.e.m.j.i.AbstractJavaProjectConfigurator - Adding resource folder /HospitalManagement/src/test/resources
2025-09-16 07:41:20,923 [Worker-38: Updating Maven Project] INFO  o.e.m.w.i.f.ResourceFilteringBuildParticipant - Cleaning filtered folder for HospitalManagement
2025-09-16 07:41:20,967 [Worker-38: Updating Maven Project] INFO  o.e.m.c.i.p.ProjectConfigurationManager - Update completed for 1 poms: local refresh takes 0.00 sec, refresh facades takes 1.00 sec, update config takes 1.00 sec 
2025-09-16 07:41:21,905 [Worker-18: Building] INFO  o.a.m.s.f.DefaultMavenResourcesFiltering - Copying 1 resource from src\main\resources to target\classes
2025-09-16 07:41:21,974 [Worker-18: Building] INFO  o.a.m.s.f.DefaultMavenResourcesFiltering - Copying 0 resource from src\main\resources to target\classes
2025-09-16 07:41:21,985 [Worker-18: Building] INFO  o.a.m.s.f.DefaultMavenResourcesFiltering - skip non existing resourceDirectory C:\2025-2026\JENKINS-PRACTISE\HospitalManagement\src\test\resources
2025-09-16 07:41:21,986 [Worker-18: Building] INFO  o.e.m.w.i.f.ResourceFilteringBuildParticipant - Changed resources require a complete clean of filtered resources of HospitalManagement
2025-09-16 07:41:21,994 [Worker-18: Building] INFO  o.e.m.w.i.f.ResourceFilteringBuildParticipant - Executing resource filtering for HospitalManagement
2025-09-16 08:26:01,970 [Worker-53: Building] INFO  o.a.m.s.f.DefaultMavenResourcesFiltering - Copying 1 resource from src\main\resources to target\classes
2025-09-16 08:26:01,983 [Worker-53: Building] INFO  o.a.m.s.f.DefaultMavenResourcesFiltering - Copying 0 resource from src\main\resources to target\classes
2025-09-16 08:26:01,987 [Worker-53: Building] INFO  o.a.m.s.f.DefaultMavenResourcesFiltering - skip non existing resourceDirectory C:\2025-2026\JENKINS-PRACTISE\HospitalManagement\src\test\resources
2025-09-16 08:26:24,183 [Worker-53: Launching HospitalManagement - HospitalManagementApplication] INFO  o.a.m.s.f.DefaultMavenResourcesFiltering - Copying 1 resource from src\main\resources to target\classes
2025-09-16 08:26:24,189 [Worker-53: Launching HospitalManagement - HospitalManagementApplication] INFO  o.a.m.s.f.DefaultMavenResourcesFiltering - Copying 0 resource from src\main\resources to target\classes
2025-09-16 08:26:24,194 [Worker-53: Launching HospitalManagement - HospitalManagementApplication] INFO  o.a.m.s.f.DefaultMavenResourcesFiltering - skip non existing resourceDirectory C:\2025-2026\JENKINS-PRACTISE\HospitalManagement\src\test\resources
